<?xml version="1.0" encoding="UTF-8"?>
<testng-results skipped="0" failed="0" ignored="0" total="1" passed="1">
  <reporter-output>
  </reporter-output>
  <suite name="Suite" duration-ms="33030" started-at="2018-06-09T04:40:05Z" finished-at="2018-06-09T04:40:38Z">
    <groups>
    </groups>
    <test name="Test" duration-ms="33030" started-at="2018-06-09T04:40:05Z" finished-at="2018-06-09T04:40:38Z">
      <class name="TestLog4j.Log4jPractice">
        <test-method status="PASS" signature="f()[pri:0, instance:TestLog4j.Log4jPractice@467aecef]" name="f" duration-ms="32988" started-at="2018-06-09T04:40:05Z" finished-at="2018-06-09T04:40:38Z">
          <reporter-output>
          </reporter-output>
        </test-method> <!-- f -->
      </class> <!-- TestLog4j.Log4jPractice -->
    </test> <!-- Test -->
  </suite> <!-- Suite -->
</testng-results>
