<?xml version="1.0" encoding="UTF-8"?>
<testng-results skipped="0" failed="0" ignored="0" total="1" passed="1">
  <reporter-output>
  </reporter-output>
  <suite name="Default suite" duration-ms="34263" started-at="2018-05-27T11:30:11Z" finished-at="2018-05-27T11:30:46Z">
    <groups>
    </groups>
    <test name="Default test" duration-ms="34263" started-at="2018-05-27T11:30:11Z" finished-at="2018-05-27T11:30:46Z">
      <class name="ExtendReport.ExtendReport">
        <test-method status="PASS" signature="f()[pri:0, instance:ExtendReport.ExtendReport@462d5aee]" name="f" is-config="true" duration-ms="22166" started-at="2018-05-27T11:30:11Z" finished-at="2018-05-27T11:30:33Z">
          <reporter-output>
          </reporter-output>
        </test-method> <!-- f -->
        <test-method status="PASS" signature="t()[pri:0, instance:ExtendReport.ExtendReport@462d5aee]" name="t" duration-ms="10332" started-at="2018-05-27T11:30:33Z" finished-at="2018-05-27T11:30:44Z">
          <reporter-output>
          </reporter-output>
        </test-method> <!-- t -->
        <test-method status="PASS" signature="aft()[pri:0, instance:ExtendReport.ExtendReport@462d5aee]" name="aft" is-config="true" duration-ms="1727" started-at="2018-05-27T11:30:44Z" finished-at="2018-05-27T11:30:46Z">
          <reporter-output>
          </reporter-output>
        </test-method> <!-- aft -->
      </class> <!-- ExtendReport.ExtendReport -->
    </test> <!-- Default test -->
  </suite> <!-- Default suite -->
</testng-results>
